1516710696486	geckodriver	INFO	geckodriver 0.19.1
1516710696491	geckodriver	INFO	Listening on 127.0.0.1:53350
1516710699605	mozrunner::runner	INFO	Running command: "C:\\Program Files\\Mozilla Firefox\\firefox.exe" "-marionette" "-profile" "C:\\Users\\SERGII~1\\AppData\\Local\\Temp\\rust_mozprofile.2B84FYxmDLPB"
1516710700392	Marionette	INFO	Enabled via --marionette
Unable to read VR Path Registry from C:\Users\SergiiMolchanov\AppData\Local\openvr\openvrpaths.vrpath
[Child 12432, Chrome_ChildThread] WARNING: pipe error: 109: file z:/build/build/src/ipc/chromium/src/chrome/common/ipc_channel_win.cc, line 346
[Child 12432, Chrome_ChildThread] WARNING: pipe error: 109: file z:/build/build/src/ipc/chromium/src/chrome/common/ipc_channel_win.cc, line 346
1516710701866	Marionette	INFO	Listening on port 53358
1516710702727	Marionette	WARN	TLS certificate errors will be ignored for this session
1516710702794	Marionette	DEBUG	Register listener.js for window 4294967297
1516710702811	Marionette	DEBUG	Received DOM event "beforeunload" for "about:blank"
1516710703171	Marionette	DEBUG	Received DOM event "pagehide" for "about:blank"
1516710703172	Marionette	DEBUG	Received DOM event "unload" for "about:blank"
1516710703773	Marionette	DEBUG	Received DOM event "DOMContentLoaded" for "https://www.python.org/"
1516710703820	Marionette	DEBUG	Received DOM event "pageshow" for "https://www.python.org/"
1516710703991	Marionette	DEBUG	Received DOM event "beforeunload" for "https://www.python.org/"
1516710704494	Marionette	DEBUG	Received DOM event "pagehide" for "https://www.python.org/"
1516710704496	Marionette	DEBUG	Received DOM event "unload" for "https://www.python.org/"
1516710704678	Marionette	DEBUG	Received DOM event "DOMContentLoaded" for "https://www.python.org/search/?q=pycon&submit="
1516710704890	Marionette	DEBUG	Received DOM event "pageshow" for "https://www.python.org/search/?q=pycon&submit="
1516710797534	geckodriver	INFO	geckodriver 0.19.1
1516710797539	geckodriver	INFO	Listening on 127.0.0.1:53406
1516710800658	mozrunner::runner	INFO	Running command: "C:\\Program Files\\Mozilla Firefox\\firefox.exe" "-marionette" "-profile" "C:\\Users\\SERGII~1\\AppData\\Local\\Temp\\rust_mozprofile.sy7QLuPsumrz"
1516710801122	Marionette	INFO	Enabled via --marionette
Unable to read VR Path Registry from C:\Users\SergiiMolchanov\AppData\Local\openvr\openvrpaths.vrpath
[Child 11400, Chrome_ChildThread] WARNING: pipe error: 109: file z:/build/build/src/ipc/chromium/src/chrome/common/ipc_channel_win.cc, line 346
[Child 11400, Chrome_ChildThread] WARNING: pipe error: 109: file z:/build/build/src/ipc/chromium/src/chrome/common/ipc_channel_win.cc, line 346
1516710802634	Marionette	INFO	Listening on port 53414
1516710802693	Marionette	WARN	TLS certificate errors will be ignored for this session
1516710802756	Marionette	DEBUG	Register listener.js for window 4294967297
