1488122246975	geckodriver	INFO	Listening on 127.0.0.1:52882
1488122248994	mozprofile::profile	INFO	Using profile path C:\Users\Owner\AppData\Local\Temp\rust_mozprofile.I6dHR75VVdDh
1488122249010	geckodriver::marionette	INFO	Starting browser C:\Program Files (x86)\Mozilla Firefox\firefox.exe
1488122249010	geckodriver::marionette	INFO	Connecting to Marionette on localhost:52888
1488122249276	addons.manager	DEBUG	Application has been upgraded
1488122249407	addons.manager	DEBUG	Loaded provider scope for resource://gre/modules/addons/XPIProvider.jsm: ["XPIProvider"]
1488122249409	addons.manager	DEBUG	Loaded provider scope for resource://gre/modules/LightweightThemeManager.jsm: ["LightweightThemeManager"]
1488122249413	addons.manager	DEBUG	Loaded provider scope for resource://gre/modules/addons/GMPProvider.jsm
1488122249415	addons.manager	DEBUG	Loaded provider scope for resource://gre/modules/addons/PluginProvider.jsm
1488122249416	addons.manager	DEBUG	Starting provider: XPIProvider
1488122249417	addons.xpi	DEBUG	startup
1488122249418	addons.xpi	INFO	SystemAddonInstallLocation directory is missing
1488122249419	addons.xpi	INFO	Mapping aushelper@mozilla.org to C:\Program Files (x86)\Mozilla Firefox\browser\features\aushelper@mozilla.org.xpi
1488122249419	addons.xpi	INFO	Mapping e10srollout@mozilla.org to C:\Program Files (x86)\Mozilla Firefox\browser\features\e10srollout@mozilla.org.xpi
1488122249419	addons.xpi	INFO	Mapping firefox@getpocket.com to C:\Program Files (x86)\Mozilla Firefox\browser\features\firefox@getpocket.com.xpi
1488122249419	addons.xpi	INFO	Mapping webcompat@mozilla.org to C:\Program Files (x86)\Mozilla Firefox\browser\features\webcompat@mozilla.org.xpi
1488122249420	addons.xpi	INFO	Mapping {972ce4c6-7e08-4474-a285-3208198ce6fd} to C:\Program Files (x86)\Mozilla Firefox\browser\extensions\{972ce4c6-7e08-4474-a285-3208198ce6fd}.xpi
1488122249420	addons.xpi	DEBUG	checkForChanges
1488122249421	addons.xpi	DEBUG	Loaded add-on state from prefs: {}
1488122249422	addons.xpi	DEBUG	New add-on aushelper@mozilla.org in app-system-defaults
1488122249423	addons.xpi	DEBUG	getModTime: Recursive scan of aushelper@mozilla.org
1488122249423	addons.xpi	DEBUG	New add-on e10srollout@mozilla.org in app-system-defaults
1488122249424	addons.xpi	DEBUG	getModTime: Recursive scan of e10srollout@mozilla.org
1488122249424	addons.xpi	DEBUG	New add-on firefox@getpocket.com in app-system-defaults
1488122249424	addons.xpi	DEBUG	getModTime: Recursive scan of firefox@getpocket.com
1488122249425	addons.xpi	DEBUG	New add-on webcompat@mozilla.org in app-system-defaults
1488122249425	addons.xpi	DEBUG	getModTime: Recursive scan of webcompat@mozilla.org
1488122249425	addons.xpi	DEBUG	New add-on {972ce4c6-7e08-4474-a285-3208198ce6fd} in app-global
1488122249426	addons.xpi	DEBUG	getModTime: Recursive scan of {972ce4c6-7e08-4474-a285-3208198ce6fd}
1488122249426	addons.xpi	DEBUG	getInstallState changed: true, state: {"app-system-defaults":{"aushelper@mozilla.org":{"d":"C:\\Program Files (x86)\\Mozilla Firefox\\browser\\features\\aushelper@mozilla.org.xpi","st":1486648429848},"e10srollout@mozilla.org":{"d":"C:\\Program Files (x86)\\Mozilla Firefox\\browser\\features\\e10srollout@mozilla.org.xpi","st":1486648429836},"firefox@getpocket.com":{"d":"C:\\Program Files (x86)\\Mozilla Firefox\\browser\\features\\firefox@getpocket.com.xpi","st":1486648429824},"webcompat@mozilla.org":{"d":"C:\\Program Files (x86)\\Mozilla Firefox\\browser\\features\\webcompat@mozilla.org.xpi","st":1486648429636}},"app-global":{"{972ce4c6-7e08-4474-a285-3208198ce6fd}":{"d":"C:\\Program Files (x86)\\Mozilla Firefox\\browser\\extensions\\{972ce4c6-7e08-4474-a285-3208198ce6fd}.xpi","st":1486648429863}}}
1488122249435	addons.xpi-utils	DEBUG	Opening XPI database C:\Users\Owner\AppData\Local\Temp\rust_mozprofile.I6dHR75VVdDh\extensions.json
1488122249437	addons.xpi-utils	DEBUG	New add-on aushelper@mozilla.org installed in app-system-defaults
*** Blocklist::_loadBlocklistFromFile: blocklist is disabled
1488122249447	DeferredSave.extensions.json	DEBUG	Save changes
1488122249447	addons.xpi-utils	DEBUG	New add-on e10srollout@mozilla.org installed in app-system-defaults
1488122249451	DeferredSave.extensions.json	DEBUG	Starting timer
1488122249452	DeferredSave.extensions.json	DEBUG	Save changes
1488122249452	addons.xpi-utils	DEBUG	New add-on firefox@getpocket.com installed in app-system-defaults
1488122249459	DeferredSave.extensions.json	DEBUG	Save changes
1488122249459	addons.xpi-utils	DEBUG	New add-on webcompat@mozilla.org installed in app-system-defaults
1488122249464	DeferredSave.extensions.json	DEBUG	Save changes
1488122249465	addons.xpi-utils	DEBUG	New add-on {972ce4c6-7e08-4474-a285-3208198ce6fd} installed in app-global
1488122249469	DeferredSave.extensions.json	DEBUG	Save changes
1488122249469	addons.manager	DEBUG	Registering startup change 'installed' for aushelper@mozilla.org
1488122249476	addons.xpi	DEBUG	Loading bootstrap scope from C:\Program Files (x86)\Mozilla Firefox\browser\features\aushelper@mozilla.org.xpi
1488122249481	addons.xpi	DEBUG	Calling bootstrap method install on aushelper@mozilla.org version 1.0
1488122249482	addons.xpi-utils	DEBUG	Make addon app-system-defaults:aushelper@mozilla.org visible
1488122249482	DeferredSave.extensions.json	DEBUG	Save changes
1488122249483	addons.manager	DEBUG	Registering startup change 'installed' for e10srollout@mozilla.org
1488122249483	addons.xpi	DEBUG	Loading bootstrap scope from C:\Program Files (x86)\Mozilla Firefox\browser\features\e10srollout@mozilla.org.xpi
1488122249486	addons.xpi	DEBUG	Calling bootstrap method install on e10srollout@mozilla.org version 1.7
1488122249487	addons.xpi-utils	DEBUG	Make addon app-system-defaults:e10srollout@mozilla.org visible
1488122249487	DeferredSave.extensions.json	DEBUG	Save changes
1488122249487	addons.manager	DEBUG	Registering startup change 'installed' for firefox@getpocket.com
1488122249488	addons.xpi	DEBUG	Loading bootstrap scope from C:\Program Files (x86)\Mozilla Firefox\browser\features\firefox@getpocket.com.xpi
1488122249492	addons.xpi	DEBUG	Calling bootstrap method install on firefox@getpocket.com version 1.0.5
1488122249492	addons.xpi-utils	DEBUG	Make addon app-system-defaults:firefox@getpocket.com visible
1488122249493	DeferredSave.extensions.json	DEBUG	Save changes
1488122249493	addons.manager	DEBUG	Registering startup change 'installed' for webcompat@mozilla.org
1488122249493	addons.xpi	DEBUG	Loading bootstrap scope from C:\Program Files (x86)\Mozilla Firefox\browser\features\webcompat@mozilla.org.xpi
1488122249495	addons.xpi	DEBUG	Calling bootstrap method install on webcompat@mozilla.org version 1.0
1488122249495	addons.xpi-utils	DEBUG	Make addon app-system-defaults:webcompat@mozilla.org visible
1488122249496	DeferredSave.extensions.json	DEBUG	Save changes
1488122249496	addons.xpi-utils	DEBUG	Make addon app-global:{972ce4c6-7e08-4474-a285-3208198ce6fd} visible
1488122249496	DeferredSave.extensions.json	DEBUG	Save changes
1488122249497	addons.xpi	DEBUG	Updating XPIState for {"id":"aushelper@mozilla.org","syncGUID":"{f77e88d5-1e30-419e-bdf0-57b767ab4442}","location":"app-system-defaults","version":"1.0","type":"extension","internalName":null,"updateURL":null,"updateKey":null,"optionsURL":null,"optionsType":null,"aboutURL":null,"icons":{},"iconURL":null,"icon64URL":null,"defaultLocale":{"name":"Application Update Service Helper","description":"Sets value(s) in the update url based on custom checks.","creator":null,"homepageURL":null},"visible":true,"active":true,"userDisabled":false,"appDisabled":false,"descriptor":"C:\\Program Files (x86)\\Mozilla Firefox\\browser\\features\\aushelper@mozilla.org.xpi","installDate":1486648429848,"updateDate":1486648429848,"applyBackgroundUpdates":1,"bootstrap":true,"skinnable":false,"size":5975,"sourceURI":null,"releaseNotesURI":null,"softDisabled":false,"foreignInstall":false,"hasBinaryComponents":false,"strictCompatibility":false,"locales":[],"targetApplications":[{"id":"{ec8030f7-c20a-464f-9b0e-13a3a9e97384}","minVersion":"51.0.1","maxVersion":"51.*"}],"targetPlatforms":[],"multiprocessCompatible":true,"seen":true,"dependencies":[],"hasEmbeddedWebExtension":false,"mpcOptedOut":false}
1488122249497	addons.xpi	DEBUG	getModTime: Recursive scan of aushelper@mozilla.org
1488122249497	addons.xpi	DEBUG	Updating XPIState for {"id":"e10srollout@mozilla.org","syncGUID":"{2271b01d-38f0-42bc-ac16-178dab3bcd9b}","location":"app-system-defaults","version":"1.7","type":"extension","internalName":null,"updateURL":null,"updateKey":null,"optionsURL":null,"optionsType":null,"aboutURL":null,"icons":{},"iconURL":null,"icon64URL":null,"defaultLocale":{"name":"Multi-process staged rollout","description":"Staged rollout of Firefox multi-process feature.","creator":null,"homepageURL":null},"visible":true,"active":true,"userDisabled":false,"appDisabled":false,"descriptor":"C:\\Program Files (x86)\\Mozilla Firefox\\browser\\features\\e10srollout@mozilla.org.xpi","installDate":1486648429836,"updateDate":1486648429836,"applyBackgroundUpdates":1,"bootstrap":true,"skinnable":false,"size":6997,"sourceURI":null,"releaseNotesURI":null,"softDisabled":false,"foreignInstall":false,"hasBinaryComponents":false,"strictCompatibility":false,"locales":[],"targetApplications":[{"id":"{ec8030f7-c20a-464f-9b0e-13a3a9e97384}","minVersion":"51.0.1","maxVersion":"51.*"}],"targetPlatforms":[],"multiprocessCompatible":true,"seen":true,"dependencies":[],"hasEmbeddedWebExtension":false,"mpcOptedOut":false}
1488122249497	addons.xpi	DEBUG	getModTime: Recursive scan of e10srollout@mozilla.org
1488122249498	addons.xpi	DEBUG	Updating XPIState for {"id":"firefox@getpocket.com","syncGUID":"{978e3be8-35ac-4d32-ab3a-6745fa704a14}","location":"app-system-defaults","version":"1.0.5","type":"extension","internalName":null,"updateURL":null,"updateKey":null,"optionsURL":null,"optionsType":null,"aboutURL":null,"icons":{},"iconURL":null,"icon64URL":null,"defaultLocale":{"name":"Pocket","description":"When you find something you want to view later, put it in Pocket.","creator":null,"homepageURL":null},"visible":true,"active":true,"userDisabled":false,"appDisabled":false,"descriptor":"C:\\Program Files (x86)\\Mozilla Firefox\\browser\\features\\firefox@getpocket.com.xpi","installDate":1486648429824,"updateDate":1486648429824,"applyBackgroundUpdates":1,"bootstrap":true,"skinnable":false,"size":921011,"sourceURI":null,"releaseNotesURI":null,"softDisabled":false,"foreignInstall":false,"hasBinaryComponents":false,"strictCompatibility":false,"locales":[],"targetApplications":[{"id":"{ec8030f7-c20a-464f-9b0e-13a3a9e97384}","minVersion":"51.0.1","maxVersion":"51.*"}],"targetPlatforms":[],"multiprocessCompatible":true,"seen":true,"dependencies":[],"hasEmbeddedWebExtension":false,"mpcOptedOut":false}
1488122249498	addons.xpi	DEBUG	getModTime: Recursive scan of firefox@getpocket.com
1488122249498	addons.xpi	DEBUG	Updating XPIState for {"id":"webcompat@mozilla.org","syncGUID":"{0adfd312-d26f-49a5-8f21-64a028c946ed}","location":"app-system-defaults","version":"1.0","type":"extension","internalName":null,"updateURL":null,"updateKey":null,"optionsURL":null,"optionsType":null,"aboutURL":null,"icons":{},"iconURL":null,"icon64URL":null,"defaultLocale":{"name":"Web Compat","description":"Urgent post-release fixes for web compatibility.","creator":null,"homepageURL":null},"visible":true,"active":true,"userDisabled":false,"appDisabled":false,"descriptor":"C:\\Program Files (x86)\\Mozilla Firefox\\browser\\features\\webcompat@mozilla.org.xpi","installDate":1486648429636,"updateDate":1486648429636,"applyBackgroundUpdates":1,"bootstrap":true,"skinnable":false,"size":1570,"sourceURI":null,"releaseNotesURI":null,"softDisabled":false,"foreignInstall":false,"hasBinaryComponents":false,"strictCompatibility":false,"locales":[],"targetApplications":[{"id":"{ec8030f7-c20a-464f-9b0e-13a3a9e97384}","minVersion":"51.0.1","maxVersion":"51.*"}],"targetPlatforms":[],"multiprocessCompatible":true,"seen":true,"dependencies":[],"hasEmbeddedWebExtension":false,"mpcOptedOut":false}
1488122249498	addons.xpi	DEBUG	getModTime: Recursive scan of webcompat@mozilla.org
1488122249498	addons.xpi	DEBUG	Updating XPIState for {"id":"{972ce4c6-7e08-4474-a285-3208198ce6fd}","syncGUID":"{3922a8be-f50b-4803-a4a5-844a220fa3f8}","location":"app-global","version":"51.0.1","type":"theme","internalName":"classic/1.0","updateURL":null,"updateKey":null,"optionsURL":null,"optionsType":null,"aboutURL":null,"icons":{"32":"icon.png","48":"icon.png"},"iconURL":null,"icon64URL":null,"defaultLocale":{"name":"Default","description":"The default theme.","creator":"Mozilla","homepageURL":null,"contributors":["Mozilla Contributors"]},"visible":true,"active":true,"userDisabled":false,"appDisabled":false,"descriptor":"C:\\Program Files (x86)\\Mozilla Firefox\\browser\\extensions\\{972ce4c6-7e08-4474-a285-3208198ce6fd}.xpi","installDate":1486648429863,"updateDate":1486648429863,"applyBackgroundUpdates":1,"skinnable":true,"size":19708,"sourceURI":null,"releaseNotesURI":null,"softDisabled":false,"foreignInstall":false,"hasBinaryComponents":false,"strictCompatibility":true,"locales":[],"targetApplications":[{"id":"{ec8030f7-c20a-464f-9b0e-13a3a9e97384}","minVersion":"51.0.1","maxVersion":"51.0.1"}],"targetPlatforms":[],"seen":true,"dependencies":[],"hasEmbeddedWebExtension":false}
1488122249499	addons.xpi	DEBUG	getModTime: Recursive scan of {972ce4c6-7e08-4474-a285-3208198ce6fd}
1488122249500	DeferredSave.extensions.json	DEBUG	Save changes
1488122249500	addons.xpi	DEBUG	Updating database with changes to installed add-ons
1488122249500	addons.xpi-utils	DEBUG	Updating add-on states
1488122249501	addons.xpi-utils	DEBUG	Writing add-ons list
1488122249504	addons.xpi	DEBUG	Registering manifest for C:\Program Files (x86)\Mozilla Firefox\browser\features\aushelper@mozilla.org.xpi
1488122249504	addons.xpi	DEBUG	Calling bootstrap method startup on aushelper@mozilla.org version 1.0
1488122249506	addons.xpi	DEBUG	Registering manifest for C:\Program Files (x86)\Mozilla Firefox\browser\features\e10srollout@mozilla.org.xpi
1488122249507	addons.xpi	DEBUG	Calling bootstrap method startup on e10srollout@mozilla.org version 1.7
1488122249507	addons.xpi	DEBUG	Registering manifest for C:\Program Files (x86)\Mozilla Firefox\browser\features\firefox@getpocket.com.xpi
1488122249508	addons.xpi	DEBUG	Calling bootstrap method startup on firefox@getpocket.com version 1.0.5
1488122249509	addons.xpi	DEBUG	Registering manifest for C:\Program Files (x86)\Mozilla Firefox\browser\features\webcompat@mozilla.org.xpi
1488122249510	addons.xpi	DEBUG	Calling bootstrap method startup on webcompat@mozilla.org version 1.0
1488122249512	addons.manager	DEBUG	Registering shutdown blocker for XPIProvider
1488122249512	addons.manager	DEBUG	Provider finished startup: XPIProvider
1488122249512	addons.manager	DEBUG	Starting provider: LightweightThemeManager
1488122249513	addons.manager	DEBUG	Registering shutdown blocker for LightweightThemeManager
1488122249513	addons.manager	DEBUG	Provider finished startup: LightweightThemeManager
1488122249513	addons.manager	DEBUG	Starting provider: GMPProvider
1488122249521	addons.manager	DEBUG	Registering shutdown blocker for GMPProvider
1488122249521	addons.manager	DEBUG	Provider finished startup: GMPProvider
1488122249521	addons.manager	DEBUG	Starting provider: PluginProvider
1488122249521	addons.manager	DEBUG	Registering shutdown blocker for PluginProvider
1488122249522	addons.manager	DEBUG	Provider finished startup: PluginProvider
1488122249522	addons.manager	DEBUG	Completed startup sequence
1488122250101	Marionette	INFO	Listening on port 52888
1488122251142	addons.manager	DEBUG	Starting provider: <unnamed-provider>
1488122251142	addons.manager	DEBUG	Registering shutdown blocker for <unnamed-provider>
1488122251143	addons.manager	DEBUG	Provider finished startup: <unnamed-provider>
1488122251171	addons.manager	DEBUG	Starting provider: PreviousExperimentProvider
1488122251171	addons.manager	DEBUG	Registering shutdown blocker for PreviousExperimentProvider
1488122251172	addons.manager	DEBUG	Provider finished startup: PreviousExperimentProvider
1488122251176	DeferredSave.extensions.json	DEBUG	Starting write
1488122251357	DeferredSave.extensions.json	DEBUG	Write succeeded
1488122251358	addons.xpi-utils	DEBUG	XPI Database saved, setting schema version preference to 19
[Child 4148] ###!!! ABORT: Aborting on channel error.: file c:/builds/moz2_slave/m-rel-w32-00000000000000000000/build/src/ipc/glue/MessageChannel.cpp, line 2056
tdown on firefox@getpocket.com version 1.0.5
1488122217964	addons.xpi	DEBUG	Calling bootstrap method shutdown on e10srollout@mozilla.org version 1.7
1488122217965	addons.xpi	DEBUG	Calling bootstrap method shutdown on aushelper@mozilla.org version 1.0
1488122218175	addons.manager	DEBUG	shutdown
1488122218176	addons.manager	DEBUG	Calling shutdown blocker for XPIProvider
1488122218176	addons.xpi	DEBUG	shutdown
1488122218176	addons.xpi-utils	DEBUG	shutdown
1488122218178	addons.manager	DEBUG	Calling shutdown blocker for LightweightThemeManager
1488122218179	addons.manager	DEBUG	Calling shutdown blocker for GMPProvider
1488122218182	addons.manager	DEBUG	Calling shutdown blocker for PluginProvider
1488122218183	addons.manager	DEBUG	Calling shutdown blocker for <unnamed-provider>
1488122218186	addons.manager	DEBUG	Calling shutdown blocker for PreviousExperimentProvider
1488122218190	addons.xpi	DEBUG	Notifying XPI shutdown observers
1488122218195	addons.manager	DEBUG	Async provider shutdown done
cker for PreviousExperimentProvider
1488122157310	addons.xpi	DEBUG	Notifying XPI shutdown observers
1488122157315	addons.manager	DEBUG	Async provider shutdown done
cker for PreviousExperimentProvider
1488122077073	addons.xpi	DEBUG	Notifying XPI shutdown observers
1488122077079	addons.manager	DEBUG	Async provider shutdown done
dons.manager	DEBUG	Calling shutdown blocker for LightweightThemeManager
1488121671108	addons.manager	DEBUG	Calling shutdown blocker for GMPProvider
1488121671111	addons.manager	DEBUG	Calling shutdown blocker for PluginProvider
1488121671111	addons.manager	DEBUG	Calling shutdown blocker for <unnamed-provider>
1488121671113	addons.manager	DEBUG	Calling shutdown blocker for PreviousExperimentProvider
1488121671117	addons.xpi	DEBUG	Notifying XPI shutdown observers
1488121671121	addons.manager	DEBUG	Async provider shutdown done
blocker for PluginProvider
1488121669899	addons.manager	DEBUG	Calling shutdown blocker for <unnamed-provider>
1488121669902	addons.manager	DEBUG	Calling shutdown blocker for PreviousExperimentProvider
1488121669905	addons.xpi	DEBUG	Notifying XPI shutdown observers
1488121669910	addons.manager	DEBUG	Async provider shutdown done
k.jsm:319:40
TaskImpl@resource://gre/modules/Task.jsm:280:3
createAsyncFunction/asyncFunction@resource://gre/modules/Task.jsm:254:14
Task_spawn@resource://gre/modules/Task.jsm:168:12
TaskImpl_handleResultValue@resource://gre/modules/Task.jsm:388:16
TaskImpl_run@resource://gre/modules/Task.jsm:327:13
TaskImpl@resource://gre/modules/Task.jsm:280:3
createAsyncFunction/asyncFunction@resource://gre/modules/Task.jsm:254:14
Task_spawn@resource://gre/modules/Task.jsm:168:12
Dispatcher.prototype.execute@chrome://marionette/content/dispatcher.js:117:13
Dispatcher.prototype.onPacket@chrome://marionette/content/dispatcher.js:88:5
DebuggerTransport.prototype._onJSONObjectReady/<@chrome://marionette/content/server.js -> resource://devtools/shared/transport/transport.js:483:11
exports.makeInfallible/<@resource://gre/modules/commonjs/toolkit/loader.js -> resource://devtools/shared/ThreadSafeDevToolsUtils.js:101:14
exports.makeInfallible/<@resource://gre/modules/commonjs/toolkit/loader.js -> resource://devtools/shared/ThreadSafeDevToolsUtils.js:101:14

*************************
*************************
A coding exception was thrown in a Promise rejection callback.
See https://developer.mozilla.org/Mozilla/JavaScript_code_modules/Promise.jsm/Promise

Full message: TypeError: this.browserForTab is undefined
Full stack: hasRemotenessChange@chrome://marionette/content/browser.js:233:9
executeWhenReady@chrome://marionette/content/browser.js:264:9
GeckoDriver.prototype.sendAsync@chrome://marionette/content/driver.js:218:5
send/<@chrome://marionette/content/proxy.js:138:7
send@chrome://marionette/content/proxy.js:105:12
ownPriorityGetterTrap.get/<@chrome://marionette/content/proxy.js:24:25
GeckoDriver.prototype.get@chrome://marionette/content/driver.js:968:17
TaskImpl_run@resource://gre/modules/Task.jsm:319:40
TaskImpl@resource://gre/modules/Task.jsm:280:3
createAsyncFunction/asyncFunction@resource://gre/modules/Task.jsm:254:14
Task_spawn@resource://gre/modules/Task.jsm:168:12
TaskImpl_handleResultValue@resource://gre/modules/Task.jsm:388:16
TaskImpl_run@resource://gre/modules/Task.jsm:327:13
TaskImpl@resource://gre/modules/Task.jsm:280:3
createAsyncFunction/asyncFunction@resource://gre/modules/Task.jsm:254:14
Task_spawn@resource://gre/modules/Task.jsm:168:12
Dispatcher.prototype.execute@chrome://marionette/content/dispatcher.js:117:13
Dispatcher.prototype.onPacket@chrome://marionette/content/dispatcher.js:88:5
DebuggerTransport.prototype._onJSONObjectReady/<@chrome://marionette/content/server.js -> resource://devtools/shared/transport/transport.js:483:11
exports.makeInfallible/<@resource://gre/modules/commonjs/toolkit/loader.js -> resource://devtools/shared/ThreadSafeDevToolsUtils.js:101:14
exports.makeInfallible/<@resource://gre/modules/commonjs/toolkit/loader.js -> resource://devtools/shared/ThreadSafeDevToolsUtils.js:101:14

*************************
Marionette threw an error: TypeError: this.browserForTab is undefined
hasRemotenessChange@chrome://marionette/content/browser.js:233:9
executeWhenReady@chrome://marionette/content/browser.js:264:9
GeckoDriver.prototype.sendAsync@chrome://marionette/content/driver.js:218:5
send/<@chrome://marionette/content/proxy.js:138:7
send@chrome://marionette/content/proxy.js:105:12
ownPriorityGetterTrap.get/<@chrome://marionette/content/proxy.js:24:25
GeckoDriver.prototype.get@chrome://marionette/content/driver.js:968:17
TaskImpl_run@resource://gre/modules/Task.jsm:319:40
TaskImpl@resource://gre/modules/Task.jsm:280:3
createAsyncFunction/asyncFunction@resource://gre/modules/Task.jsm:254:14
Task_spawn@resource://gre/modules/Task.jsm:168:12
TaskImpl_handleResultValue@resource://gre/modules/Task.jsm:388:16
TaskImpl_run@resource://gre/modules/Task.jsm:327:13
TaskImpl@resource://gre/modules/Task.jsm:280:3
createAsyncFunction/asyncFunction@resource://gre/modules/Task.jsm:254:14
Task_spawn@resource://gre/modules/Task.jsm:168:12
Dispatcher.prototype.execute@chrome://marionette/content/dispatcher.js:117:13
Dispatcher.prototype.onPacket@chrome://marionette/content/dispatcher.js:88:5
DebuggerTransport.prototype._onJSONObjectReady/<@chrome://marionette/content/server.js -> resource://devtools/shared/transport/transport.js:483:11
exports.makeInfallible/<@resource://gre/modules/commonjs/toolkit/loader.js -> resource://devtools/shared/ThreadSafeDevToolsUtils.js:101:14
exports.makeInfallible/<@resource://gre/modules/commonjs/toolkit/loader.js -> resource://devtools/shared/ThreadSafeDevToolsUtils.js:101:14

1488120322189	addons.xpi	DEBUG	Calling bootstrap method shutdown on webcompat@mozilla.org version 1.0
1488120322190	addons.xpi	DEBUG	Calling bootstrap method shutdown on firefox@getpocket.com version 1.0.5
1488120322191	addons.xpi	DEBUG	Calling bootstrap method shutdown on e10srollout@mozilla.org version 1.7
1488120322192	addons.xpi	DEBUG	Calling bootstrap method shutdown on aushelper@mozilla.org version 1.0
[Child 1236] WARNING: pipe error: 109: file c:/builds/moz2_slave/m-rel-w32-00000000000000000000/build/src/ipc/chromium/src/chrome/common/ipc_channel_win.cc, line 346
1488120322347	addons.manager	DEBUG	shutdown
1488120322347	addons.manager	DEBUG	Calling shutdown blocker for XPIProvider
1488120322347	addons.xpi	DEBUG	shutdown
1488120322347	addons.xpi-utils	DEBUG	shutdown
1488120322348	addons.manager	DEBUG	Calling shutdown blocker for LightweightThemeManager
1488120322349	addons.manager	DEBUG	Calling shutdown blocker for GMPProvider
1488120322351	addons.manager	DEBUG	Calling shutdown blocker for PluginProvider
1488120322352	addons.manager	DEBUG	Calling shutdown blocker for <unnamed-provider>
1488120322356	addons.manager	DEBUG	Calling shutdown blocker for PreviousExperimentProvider
1488120322360	addons.xpi	DEBUG	Notifying XPI shutdown observers
1488120322365	addons.manager	DEBUG	Async provider shutdown done
